app/build/intermediates/manifest_merge_blame_file/debug/processDebugMainManifest/manifest-merger-blame-debug-report.txt
1<?xml version="1.0" encoding="utf-8"?>
2<manifest xmlns:android="http://schemas.android.com/apk/res/android"
3    package="com.arnavapp"
4    android:versionCode="1"
5    android:versionName="1.0" >
6
7    <uses-sdk
8        android:minSdkVersion="26"
9        android:targetSdkVersion="34" />
10
11    <uses-permission android:name="android.permission.CAMERA" />
11-->src\main\AndroidManifest.xml:5:5-64
11-->src\main\AndroidManifest.xml:5:22-62
12    <uses-permission android:name="android.permission.INTERNET" />
12-->src\main\AndroidManifest.xml:7:5-67
12-->src\main\AndroidManifest.xml:7:22-64
13
14    <uses-feature
14-->src\main\AndroidManifest.xml:9:5-83
15        android:name="android.hardware.camera"
15-->src\main\AndroidManifest.xml:9:19-57
16        android:required="true" />
16-->src\main\AndroidManifest.xml:9:58-81
17    <uses-feature
17-->src\main\AndroidManifest.xml:10:5-87
18        android:name="android.hardware.camera.ar"
18-->src\main\AndroidManifest.xml:10:19-60
19        android:required="false" />
19-->src\main\AndroidManifest.xml:10:61-85
20
21    <queries>
21-->[com.google.ar:core:1.44.0] AndroidManifest.xml:20:5-27:15
22        <package android:name="com.google.ar.core" />
22-->[com.google.ar:core:1.44.0] AndroidManifest.xml:21:9-54
22-->[com.google.ar:core:1.44.0] AndroidManifest.xml:21:18-51
23        <package android:name="com.android.vending" />
23-->[com.google.ar:core:1.44.0] AndroidManifest.xml:22:9-55
23-->[com.google.ar:core:1.44.0] AndroidManifest.xml:22:18-52
24
25        <intent>
25-->[com.google.ar:core:1.44.0] AndroidManifest.xml:24:9-26:18
26            <action android:name="com.google.android.play.core.install.BIND_INSTALL_SERVICE" />
26-->[com.google.ar:core:1.44.0] AndroidManifest.xml:25:13-96
26-->[com.google.ar:core:1.44.0] AndroidManifest.xml:25:21-93
27        </intent>
28    </queries>
29
30    <permission
30-->[androidx.core:core:1.13.0] AndroidManifest.xml:22:5-24:47
31        android:name="com.arnavapp.DYNAMIC_RECEIVER_NOT_EXPORTED_PERMISSION"
31-->[androidx.core:core:1.13.0] AndroidManifest.xml:23:9-81
32        android:protectionLevel="signature" />
32-->[androidx.core:core:1.13.0] AndroidManifest.xml:24:9-44
33
34    <uses-permission android:name="com.arnavapp.DYNAMIC_RECEIVER_NOT_EXPORTED_PERMISSION" />
34-->[androidx.core:core:1.13.0] AndroidManifest.xml:26:5-97
34-->[androidx.core:core:1.13.0] AndroidManifest.xml:26:22-94
35
36    <application
36-->src\main\AndroidManifest.xml:12:5-37:19
37        android:allowBackup="true"
37-->src\main\AndroidManifest.xml:13:9-35
38        android:appComponentFactory="androidx.core.app.CoreComponentFactory"
38-->[androidx.core:core:1.13.0] AndroidManifest.xml:28:18-86
39        android:debuggable="true"
40        android:extractNativeLibs="false"
41        android:icon="@android:drawable/sym_def_app_icon"
41-->src\main\AndroidManifest.xml:14:9-58
42        android:label="AR Nav"
42-->src\main\AndroidManifest.xml:16:9-31
43        android:roundIcon="@android:drawable/sym_def_app_icon"
43-->src\main\AndroidManifest.xml:15:9-63
44        android:supportsRtl="true"
44-->src\main\AndroidManifest.xml:17:9-35
45        android:testOnly="true"
46        android:theme="@style/Theme.ARNavApp" >
46-->src\main\AndroidManifest.xml:18:9-46
47        <meta-data
47-->src\main\AndroidManifest.xml:20:9-22:39
48            android:name="com.google.ar.core"
48-->src\main\AndroidManifest.xml:21:13-46
49            android:value="optional" />
49-->src\main\AndroidManifest.xml:22:13-37
50
51        <activity
51-->src\main\AndroidManifest.xml:24:9-35:20
52            android:name="com.arnavapp.MainActivity"
52-->src\main\AndroidManifest.xml:25:13-41
53            android:configChanges="orientation|screenSize|keyboardHidden"
53-->src\main\AndroidManifest.xml:28:13-74
54            android:exported="true"
54-->src\main\AndroidManifest.xml:26:13-36
55            android:label="AR Indoor Navigator"
55-->src\main\AndroidManifest.xml:29:13-48
56            android:screenOrientation="portrait" >
56-->src\main\AndroidManifest.xml:27:13-49
57            <intent-filter>
57-->src\main\AndroidManifest.xml:31:13-34:29
58                <action android:name="android.intent.action.MAIN" />
58-->src\main\AndroidManifest.xml:32:17-68
58-->src\main\AndroidManifest.xml:32:25-66
59
60                <category android:name="android.intent.category.LAUNCHER" />
60-->src\main\AndroidManifest.xml:33:17-76
60-->src\main\AndroidManifest.xml:33:27-74
61            </intent-filter>
62        </activity>
63
64        <!-- The minimal version code of ARCore APK required for an app using this SDK. -->
65        <meta-data
65-->[com.google.ar:core:1.44.0] AndroidManifest.xml:32:9-34:41
66            android:name="com.google.ar.core.min_apk_version"
66-->[com.google.ar:core:1.44.0] AndroidManifest.xml:33:13-62
67            android:value="240920000" /> <!-- This activity is critical for installing ARCore when it is not already present. -->
67-->[com.google.ar:core:1.44.0] AndroidManifest.xml:34:13-38
68        <activity
68-->[com.google.ar:core:1.44.0] AndroidManifest.xml:36:9-42:80
69            android:name="com.google.ar.core.InstallActivity"
69-->[com.google.ar:core:1.44.0] AndroidManifest.xml:37:13-62
70            android:configChanges="keyboardHidden|orientation|screenSize"
70-->[com.google.ar:core:1.44.0] AndroidManifest.xml:38:13-74
71            android:excludeFromRecents="true"
71-->[com.google.ar:core:1.44.0] AndroidManifest.xml:39:13-46
72            android:exported="false"
72-->[com.google.ar:core:1.44.0] AndroidManifest.xml:40:13-37
73            android:launchMode="singleTop"
73-->[com.google.ar:core:1.44.0] AndroidManifest.xml:41:13-43
74            android:theme="@android:style/Theme.Material.Light.Dialog.Alert" />
74-->[com.google.ar:core:1.44.0] AndroidManifest.xml:42:13-77
75
76        <provider
76-->[androidx.emoji2:emoji2:1.3.0] AndroidManifest.xml:24:9-32:20
77            android:name="androidx.startup.InitializationProvider"
77-->[androidx.emoji2:emoji2:1.3.0] AndroidManifest.xml:25:13-67
78            android:authorities="com.arnavapp.androidx-startup"
78-->[androidx.emoji2:emoji2:1.3.0] AndroidManifest.xml:26:13-68
79            android:exported="false" >
79-->[androidx.emoji2:emoji2:1.3.0] AndroidManifest.xml:27:13-37
80            <meta-data
80-->[androidx.emoji2:emoji2:1.3.0] AndroidManifest.xml:29:13-31:52
81                android:name="androidx.emoji2.text.EmojiCompatInitializer"
81-->[androidx.emoji2:emoji2:1.3.0] AndroidManifest.xml:30:17-75
82                android:value="androidx.startup" />
82-->[androidx.emoji2:emoji2:1.3.0] AndroidManifest.xml:31:17-49
83            <meta-data
83-->[androidx.lifecycle:lifecycle-process:2.6.2] AndroidManifest.xml:29:13-31:52
84                android:name="androidx.lifecycle.ProcessLifecycleInitializer"
84-->[androidx.lifecycle:lifecycle-process:2.6.2] AndroidManifest.xml:30:17-78
85                android:value="androidx.startup" />
85-->[androidx.lifecycle:lifecycle-process:2.6.2] AndroidManifest.xml:31:17-49
86            <meta-data
86-->[androidx.profileinstaller:profileinstaller:1.3.1] AndroidManifest.xml:29:13-31:52
87                android:name="androidx.profileinstaller.ProfileInstallerInitializer"
87-->[androidx.profileinstaller:profileinstaller:1.3.1] AndroidManifest.xml:30:17-85
88                android:value="androidx.startup" />
88-->[androidx.profileinstaller:profileinstaller:1.3.1] AndroidManifest.xml:31:17-49
89        </provider>
90
91        <receiver
91-->[androidx.profileinstaller:profileinstaller:1.3.1] AndroidManifest.xml:34:9-52:20
92            android:name="androidx.profileinstaller.ProfileInstallReceiver"
92-->[androidx.profileinstaller:profileinstaller:1.3.1] AndroidManifest.xml:35:13-76
93            android:directBootAware="false"
93-->[androidx.profileinstaller:profileinstaller:1.3.1] AndroidManifest.xml:36:13-44
94            android:enabled="true"
94-->[androidx.profileinstaller:profileinstaller:1.3.1] AndroidManifest.xml:37:13-35
95            android:exported="true"
95-->[androidx.profileinstaller:profileinstaller:1.3.1] AndroidManifest.xml:38:13-36
96            android:permission="android.permission.DUMP" >
96-->[androidx.profileinstaller:profileinstaller:1.3.1] AndroidManifest.xml:39:13-57
97            <intent-filter>
97-->[androidx.profileinstaller:profileinstaller:1.3.1] AndroidManifest.xml:40:13-42:29
98                <action android:name="androidx.profileinstaller.action.INSTALL_PROFILE" />
98-->[androidx.profileinstaller:profileinstaller:1.3.1] AndroidManifest.xml:41:17-91
98-->[androidx.profileinstaller:profileinstaller:1.3.1] AndroidManifest.xml:41:25-88
99            </intent-filter>
100            <intent-filter>
100-->[androidx.profileinstaller:profileinstaller:1.3.1] AndroidManifest.xml:43:13-45:29
101                <action android:name="androidx.profileinstaller.action.SKIP_FILE" />
101-->[androidx.profileinstaller:profileinstaller:1.3.1] AndroidManifest.xml:44:17-85
101-->[androidx.profileinstaller:profileinstaller:1.3.1] AndroidManifest.xml:44:25-82
102            </intent-filter>
103            <intent-filter>
103-->[androidx.profileinstaller:profileinstaller:1.3.1] AndroidManifest.xml:46:13-48:29
104                <action android:name="androidx.profileinstaller.action.SAVE_PROFILE" />
104-->[androidx.profileinstaller:profileinstaller:1.3.1] AndroidManifest.xml:47:17-88
104-->[androidx.profileinstaller:profileinstaller:1.3.1] AndroidManifest.xml:47:25-85
105            </intent-filter>
106            <intent-filter>
106-->[androidx.profileinstaller:profileinstaller:1.3.1] AndroidManifest.xml:49:13-51:29
107                <action android:name="androidx.profileinstaller.action.BENCHMARK_OPERATION" />
107-->[androidx.profileinstaller:profileinstaller:1.3.1] AndroidManifest.xml:50:17-95
107-->[androidx.profileinstaller:profileinstaller:1.3.1] AndroidManifest.xml:50:25-92
108            </intent-filter>
109        </receiver>
110    </application>
111
112</manifest>